<?xml version="1.0" encoding="UTF-8"?>
<testng-results ignored="0" total="1" passed="1" failed="0" skipped="0">
  <reporter-output>
  </reporter-output>
  <suite started-at="2023-02-26T12:53:19 IST" name="Default suite" finished-at="2023-02-26T12:53:35 IST" duration-ms="15137">
    <groups>
    </groups>
    <test started-at="2023-02-26T12:53:19 IST" name="Default test" finished-at="2023-02-26T12:53:35 IST" duration-ms="15137">
      <class name="wi.ValidateDateOfRelease">
        <test-method is-config="true" signature="loginToSteps()[pri:0, instance:wi.ValidateDateOfRelease@478190fc]" started-at="2023-02-26T12:53:19 IST" name="loginToSteps" finished-at="2023-02-26T12:53:26 IST" duration-ms="6857" status="PASS">
          <reporter-output>
          </reporter-output>
        </test-method> <!-- loginToSteps -->
        <test-method signature="PushpaReleaseDate()[pri:0, instance:wi.ValidateDateOfRelease@478190fc]" started-at="2023-02-26T12:53:26 IST" name="PushpaReleaseDate" finished-at="2023-02-26T12:53:35 IST" duration-ms="8202" status="PASS">
          <reporter-output>
          </reporter-output>
        </test-method> <!-- PushpaReleaseDate -->
      </class> <!-- wi.ValidateDateOfRelease -->
    </test> <!-- Default test -->
  </suite> <!-- Default suite -->
</testng-results>
